0 info it worked if it ends with ok
1 verbose cli [ 'node',
1 verbose cli   '/Users/henrik/.nvm/v0.10.30/bin/npm',
1 verbose cli   'run',
1 verbose cli   'validate' ]
2 info using npm@2.1.5
3 info using node@v0.10.30
4 verbose run-script [ 'prevalidate', 'validate', 'postvalidate' ]
5 info prevalidate amp@1.0.0
6 info validate amp@1.0.0
7 verbose unsafe-perm in lifecycle true
8 info amp@1.0.0 Failed to exec validate script
9 verbose stack Error: amp@1.0.0 validate: `node bin/check-doc.js`
9 verbose stack Exit status 1
9 verbose stack     at ChildProcess.<anonymous> (/Users/henrik/.nvm/v0.10.30/lib/node_modules/npm/lib/utils/lifecycle.js:212:16)
9 verbose stack     at ChildProcess.emit (events.js:98:17)
9 verbose stack     at maybeClose (child_process.js:756:16)
9 verbose stack     at Process.ChildProcess._handle.onexit (child_process.js:823:5)
10 verbose pkgid amp@1.0.0
11 verbose cwd /Users/henrik/Sites/amp
12 error Darwin 14.0.0
13 error argv "node" "/Users/henrik/.nvm/v0.10.30/bin/npm" "run" "validate"
14 error node v0.10.30
15 error npm  v2.1.5
16 error code ELIFECYCLE
17 error amp@1.0.0 validate: `node bin/check-doc.js`
17 error Exit status 1
18 error Failed at the amp@1.0.0 validate script.
18 error This is most likely a problem with the amp package,
18 error not with npm itself.
18 error Tell the author that this fails on your system:
18 error     node bin/check-doc.js
18 error You can get their info via:
18 error     npm owner ls amp
18 error There is likely additional logging output above.
19 verbose exit [ 1, true ]
